1600679547944	geckodriver	INFO	Listening on 127.0.0.1:50789
1600679547948	mozrunner::runner	INFO	Running command: "/usr/bin/firefox" "--marionette" "-foreground" "-no-remote" "-profile" "/tmp/rust_mozprofilewlA4Gr"
console.error: SearchCache: "_readCacheFile: Error reading cache file:" (new Error("", "(unknown module)"))
1600679551089	Marionette	INFO	Listening on port 43985
1600679551104	Marionette	WARN	TLS certificate errors will be ignored for this session
JavaScript error: resource://gre/modules/URIFixup.jsm, line 271: NS_ERROR_FAILURE: Should pass a non-null uri
JavaScript error: https://www.ezpassnj.com/vector/violations/violationInquiry.do, line 770: ReferenceError: preventBrowseBack is not defined
JavaScript warning: https://www.ezpassnj.com/_Incapsula_Resource?SWJIYLWA=719d34d31c8e3a6e6fffd425f7e032f3&ns=2&cb=2028067586, line 1: unreachable code after return statement
JavaScript warning: https://www.ezpassnj.com/_Incapsula_Resource?SWJIYLWA=719d34d31c8e3a6e6fffd425f7e032f3&ns=2&cb=2028067586, line 1: unreachable code after return statement
JavaScript warning: https://www.ezpassnj.com/_Incapsula_Resource?SWJIYLWA=719d34d31c8e3a6e6fffd425f7e032f3&ns=2&cb=2028067586 line 1 > eval, line 1: unreachable code after return statement
JavaScript error: https://www.ezpassnj.com/vector/nj/app/jscript/custom.js, line 21: TypeError: document.getElementById(...) is null
JavaScript error: https://www.ezpassnj.com/vector/violations/violationInquiry.do, line 770: ReferenceError: preventBrowseBack is not defined
JavaScript error: https://www.ezpassnj.com/vector/nj/app/jscript/custom.js, line 21: TypeError: document.getElementById(...) is null
1600679636058	Marionette	INFO	Stopped listening on port 43985
1600679689557	geckodriver	INFO	Listening on 127.0.0.1:34905
1600679689560	mozrunner::runner	INFO	Running command: "/usr/bin/firefox" "--marionette" "-foreground" "-no-remote" "-profile" "/tmp/rust_mozprofiley8Fh4w"
console.error: SearchCache: "_readCacheFile: Error reading cache file:" (new Error("", "(unknown module)"))
1600679692600	Marionette	INFO	Listening on port 33419
1600679692670	Marionette	WARN	TLS certificate errors will be ignored for this session
JavaScript error: resource://gre/modules/URIFixup.jsm, line 271: NS_ERROR_FAILURE: Should pass a non-null uri
JavaScript error: https://www.ezpassnj.com/vector/violations/violationInquiry.do, line 770: ReferenceError: preventBrowseBack is not defined
JavaScript error: https://www.ezpassnj.com/vector/nj/app/jscript/custom.js, line 21: TypeError: document.getElementById(...) is null
JavaScript warning: https://www.ezpassnj.com/_Incapsula_Resource?SWJIYLWA=719d34d31c8e3a6e6fffd425f7e032f3&ns=2&cb=123698347, line 1: unreachable code after return statement
JavaScript warning: https://www.ezpassnj.com/_Incapsula_Resource?SWJIYLWA=719d34d31c8e3a6e6fffd425f7e032f3&ns=2&cb=123698347, line 1: unreachable code after return statement
JavaScript warning: https://www.ezpassnj.com/_Incapsula_Resource?SWJIYLWA=719d34d31c8e3a6e6fffd425f7e032f3&ns=2&cb=123698347, line 1: unreachable code after return statement
JavaScript warning: https://www.ezpassnj.com/_Incapsula_Resource?SWJIYLWA=719d34d31c8e3a6e6fffd425f7e032f3&ns=2&cb=123698347 line 1 > eval, line 1: unreachable code after return statement
JavaScript warning: https://www.ezpassnj.com/_Incapsula_Resource?SWJIYLWA=719d34d31c8e3a6e6fffd425f7e032f3&ns=2&cb=123698347 line 1 > eval, line 1: unreachable code after return statement
JavaScript error: https://www.ezpassnj.com/vector/nj/app/jscript/custom.js, line 21: TypeError: document.getElementById(...) is null
JavaScript error: https://www.ezpassnj.com/vector/violations/violationInquiry.do, line 770: ReferenceError: preventBrowseBack is not defined
JavaScript error: https://www.ezpassnj.com/vector/nj/app/jscript/custom.js, line 21: TypeError: document.getElementById(...) is null
JavaScript error: https://www.ezpassnj.com/vector/nj/app/jscript/custom.js, line 21: TypeError: document.getElementById(...) is null
JavaScript error: https://www.ezpassnj.com/vector/nj/app/jscript/custom.js, line 21: TypeError: document.getElementById(...) is null
1600679978039	Marionette	INFO	Stopped listening on port 33419
1600680467846	geckodriver	INFO	Listening on 127.0.0.1:32993
1600680467849	mozrunner::runner	INFO	Running command: "/usr/bin/firefox" "--marionette" "-foreground" "-no-remote" "-profile" "/tmp/rust_mozprofileBLpkE0"
console.error: SearchCache: "_readCacheFile: Error reading cache file:" (new Error("", "(unknown module)"))
1600680470555	Marionette	INFO	Listening on port 36723
1600680470562	Marionette	WARN	TLS certificate errors will be ignored for this session
JavaScript error: resource://gre/modules/URIFixup.jsm, line 271: NS_ERROR_FAILURE: Should pass a non-null uri
JavaScript error: https://www.ezpassnj.com/vector/violations/violationInquiry.do, line 770: ReferenceError: preventBrowseBack is not defined
JavaScript warning: https://www.ezpassnj.com/_Incapsula_Resource?SWJIYLWA=719d34d31c8e3a6e6fffd425f7e032f3&ns=2&cb=1511616014, line 1: unreachable code after return statement
JavaScript warning: https://www.ezpassnj.com/_Incapsula_Resource?SWJIYLWA=719d34d31c8e3a6e6fffd425f7e032f3&ns=2&cb=1511616014, line 1: unreachable code after return statement
JavaScript warning: https://www.ezpassnj.com/_Incapsula_Resource?SWJIYLWA=719d34d31c8e3a6e6fffd425f7e032f3&ns=2&cb=1511616014, line 1: unreachable code after return statement
JavaScript warning: https://www.ezpassnj.com/_Incapsula_Resource?SWJIYLWA=719d34d31c8e3a6e6fffd425f7e032f3&ns=2&cb=1511616014 line 1 > eval, line 1: unreachable code after return statement
JavaScript warning: https://www.ezpassnj.com/_Incapsula_Resource?SWJIYLWA=719d34d31c8e3a6e6fffd425f7e032f3&ns=2&cb=1511616014 line 1 > eval, line 1: unreachable code after return statement
JavaScript error: https://www.ezpassnj.com/vector/nj/app/jscript/custom.js, line 21: TypeError: document.getElementById(...) is null
1600680591535	Marionette	INFO	Stopped listening on port 36723
1600680597187	geckodriver	INFO	Listening on 127.0.0.1:57239
1600680597193	mozrunner::runner	INFO	Running command: "/usr/bin/firefox" "--marionette" "-foreground" "-no-remote" "-profile" "/tmp/rust_mozprofileY6x0y0"
console.error: SearchCache: "_readCacheFile: Error reading cache file:" (new Error("", "(unknown module)"))
1600680600044	Marionette	INFO	Listening on port 41113
1600680600103	Marionette	WARN	TLS certificate errors will be ignored for this session
JavaScript error: resource://gre/modules/URIFixup.jsm, line 271: NS_ERROR_FAILURE: Should pass a non-null uri
JavaScript error: https://www.ezpassnj.com/vector/violations/violationInquiry.do, line 770: ReferenceError: preventBrowseBack is not defined
JavaScript warning: https://www.ezpassnj.com/_Incapsula_Resource?SWJIYLWA=719d34d31c8e3a6e6fffd425f7e032f3&ns=2&cb=157344246, line 1: unreachable code after return statement
JavaScript warning: https://www.ezpassnj.com/_Incapsula_Resource?SWJIYLWA=719d34d31c8e3a6e6fffd425f7e032f3&ns=2&cb=157344246, line 1: unreachable code after return statement
JavaScript warning: https://www.ezpassnj.com/_Incapsula_Resource?SWJIYLWA=719d34d31c8e3a6e6fffd425f7e032f3&ns=2&cb=157344246, line 1: unreachable code after return statement
JavaScript warning: https://www.ezpassnj.com/_Incapsula_Resource?SWJIYLWA=719d34d31c8e3a6e6fffd425f7e032f3&ns=2&cb=157344246 line 1 > eval, line 1: unreachable code after return statement
JavaScript warning: https://www.ezpassnj.com/_Incapsula_Resource?SWJIYLWA=719d34d31c8e3a6e6fffd425f7e032f3&ns=2&cb=157344246 line 1 > eval, line 1: unreachable code after return statement
JavaScript error: https://www.ezpassnj.com/vector/nj/app/jscript/custom.js, line 21: TypeError: document.getElementById(...) is null
JavaScript error: https://www.ezpassnj.com/vector/violations/violationInquiry.do, line 770: ReferenceError: preventBrowseBack is not defined
JavaScript error: https://www.ezpassnj.com/vector/nj/app/jscript/custom.js, line 21: TypeError: document.getElementById(...) is null
console.warn: LoginRecipes: "getRecipes: falling back to a synchronous message for:" "https://www.ezpassnj.com"
console.warn: LoginRecipes: "getRecipes: falling back to a synchronous message for:" "https://www.ezpassnj.com"
JavaScript error: https://www.ezpassnj.com/vector/violations/violationInquiry.do, line 770: ReferenceError: preventBrowseBack is not defined
JavaScript error: https://www.ezpassnj.com/vector/nj/app/jscript/custom.js, line 21: TypeError: document.getElementById(...) is null
1600680758444	Marionette	INFO	Stopped listening on port 41113
1600680764306	geckodriver	INFO	Listening on 127.0.0.1:60813
1600680764308	mozrunner::runner	INFO	Running command: "/usr/bin/firefox" "--marionette" "-foreground" "-no-remote" "-profile" "/tmp/rust_mozprofile1I580Z"
console.error: SearchCache: "_readCacheFile: Error reading cache file:" (new Error("", "(unknown module)"))
1600680767246	Marionette	INFO	Listening on port 39325
1600680767318	Marionette	WARN	TLS certificate errors will be ignored for this session
JavaScript error: resource://gre/modules/URIFixup.jsm, line 271: NS_ERROR_FAILURE: Should pass a non-null uri
JavaScript error: https://www.ezpassnj.com/vector/violations/violationInquiry.do, line 770: ReferenceError: preventBrowseBack is not defined
JavaScript warning: https://www.ezpassnj.com/_Incapsula_Resource?SWJIYLWA=719d34d31c8e3a6e6fffd425f7e032f3&ns=2&cb=1829349805, line 1: unreachable code after return statement
JavaScript warning: https://www.ezpassnj.com/_Incapsula_Resource?SWJIYLWA=719d34d31c8e3a6e6fffd425f7e032f3&ns=2&cb=1829349805, line 1: unreachable code after return statement
JavaScript warning: https://www.ezpassnj.com/_Incapsula_Resource?SWJIYLWA=719d34d31c8e3a6e6fffd425f7e032f3&ns=2&cb=1829349805, line 1: unreachable code after return statement
JavaScript warning: https://www.ezpassnj.com/_Incapsula_Resource?SWJIYLWA=719d34d31c8e3a6e6fffd425f7e032f3&ns=2&cb=1829349805 line 1 > eval, line 1: unreachable code after return statement
JavaScript warning: https://www.ezpassnj.com/_Incapsula_Resource?SWJIYLWA=719d34d31c8e3a6e6fffd425f7e032f3&ns=2&cb=1829349805 line 1 > eval, line 1: unreachable code after return statement
JavaScript error: https://www.ezpassnj.com/vector/nj/app/jscript/custom.js, line 21: TypeError: document.getElementById(...) is null
JavaScript error: https://www.ezpassnj.com/vector/violations/violationInquiry.do, line 770: ReferenceError: preventBrowseBack is not defined
JavaScript error: https://www.ezpassnj.com/vector/nj/app/jscript/custom.js, line 21: TypeError: document.getElementById(...) is null
console.warn: LoginRecipes: "getRecipes: falling back to a synchronous message for:" "https://www.ezpassnj.com"
console.warn: LoginRecipes: "getRecipes: falling back to a synchronous message for:" "https://www.ezpassnj.com"
JavaScript error: https://www.ezpassnj.com/vector/nj/app/jscript/custom.js, line 21: TypeError: document.getElementById(...) is null
SourceActor threw an exception: [Exception... "Component returned failure code: 0x80470002 (NS_BASE_STREAM_CLOSED) [nsIInputStream.available]"  nsresult: "0x80470002 (NS_BASE_STREAM_CLOSED)"  location: "JS frame :: resource://devtools/shared/DevToolsUtils.js :: onResponse :: line 560"  data: no]
Stack: onResponse@resource://devtools/shared/DevToolsUtils.js:560:34
onStopRequest@resource://gre/modules/NetUtil.jsm:128:18
Line: 560, column: 0
console.error: ({})
JavaScript error: resource://devtools/shared/DevToolsUtils.js, line 560: NS_BASE_STREAM_CLOSED: Component returned failure code: 0x80470002 (NS_BASE_STREAM_CLOSED) [nsIInputStream.available]
SourceActor threw an exception: [Exception... "Component returned failure code: 0x80470002 (NS_BASE_STREAM_CLOSED) [nsIInputStream.available]"  nsresult: "0x80470002 (NS_BASE_STREAM_CLOSED)"  location: "JS frame :: resource://devtools/shared/DevToolsUtils.js :: onResponse :: line 560"  data: no]
Stack: onResponse@resource://devtools/shared/DevToolsUtils.js:560:34
onStopRequest@resource://gre/modules/NetUtil.jsm:128:18
Line: 560, column: 0
console.error: ({})
JavaScript error: resource://devtools/shared/DevToolsUtils.js, line 560: NS_BASE_STREAM_CLOSED: Component returned failure code: 0x80470002 (NS_BASE_STREAM_CLOSED) [nsIInputStream.available]
JavaScript error: https://www.ezpassnj.com/vector/violations/violationList.do, line 3343: ReferenceError: totalAmount is not defined
JavaScript error: https://www.ezpassnj.com/vector/nj/app/jscript/custom.js, line 21: TypeError: document.getElementById(...) is null
1600681021817	Marionette	INFO	Stopped listening on port 39325
1600681030728	geckodriver	INFO	Listening on 127.0.0.1:57805
1600681030731	mozrunner::runner	INFO	Running command: "/usr/bin/firefox" "--marionette" "-foreground" "-no-remote" "-profile" "/tmp/rust_mozprofiley6lg2l"
console.error: SearchCache: "_readCacheFile: Error reading cache file:" (new Error("", "(unknown module)"))
1600681033560	Marionette	INFO	Listening on port 35265
1600681033639	Marionette	WARN	TLS certificate errors will be ignored for this session
JavaScript error: resource://gre/modules/URIFixup.jsm, line 271: NS_ERROR_FAILURE: Should pass a non-null uri
JavaScript error: https://www.ezpassnj.com/vector/violations/violationInquiry.do, line 770: ReferenceError: preventBrowseBack is not defined
JavaScript warning: https://www.ezpassnj.com/_Incapsula_Resource?SWJIYLWA=719d34d31c8e3a6e6fffd425f7e032f3&ns=9&cb=949509168, line 1: unreachable code after return statement
JavaScript warning: https://www.ezpassnj.com/_Incapsula_Resource?SWJIYLWA=719d34d31c8e3a6e6fffd425f7e032f3&ns=9&cb=949509168, line 1: unreachable code after return statement
JavaScript warning: https://www.ezpassnj.com/_Incapsula_Resource?SWJIYLWA=719d34d31c8e3a6e6fffd425f7e032f3&ns=9&cb=949509168, line 1: unreachable code after return statement
JavaScript warning: https://www.ezpassnj.com/_Incapsula_Resource?SWJIYLWA=719d34d31c8e3a6e6fffd425f7e032f3&ns=9&cb=949509168 line 1 > eval, line 1: unreachable code after return statement
JavaScript warning: https://www.ezpassnj.com/_Incapsula_Resource?SWJIYLWA=719d34d31c8e3a6e6fffd425f7e032f3&ns=9&cb=949509168 line 1 > eval, line 1: unreachable code after return statement
JavaScript error: https://www.ezpassnj.com/vector/nj/app/jscript/custom.js, line 21: TypeError: document.getElementById(...) is null
JavaScript error: https://www.ezpassnj.com/vector/nj/app/jscript/custom.js, line 21: TypeError: document.getElementById(...) is null
JavaScript error: https://www.ezpassnj.com/vector/violations/violationInquiry.do, line 770: ReferenceError: preventBrowseBack is not defined
JavaScript error: https://www.ezpassnj.com/vector/nj/app/jscript/custom.js, line 21: TypeError: document.getElementById(...) is null
JavaScript error: https://www.ezpassnj.com/vector/nj/app/jscript/custom.js, line 21: TypeError: document.getElementById(...) is null
JavaScript error: https://www.ezpassnj.com/vector/nj/app/jscript/custom.js, line 21: TypeError: document.getElementById(...) is null
JavaScript error: https://www.ezpassnj.com/vector/nj/app/jscript/custom.js, line 21: TypeError: document.getElementById(...) is null
JavaScript error: https://www.ezpassnj.com/vector/nj/app/jscript/custom.js, line 21: TypeError: document.getElementById(...) is null
JavaScript error: https://www.ezpassnj.com/vector/nj/app/jscript/custom.js, line 21: TypeError: document.getElementById(...) is null
JavaScript error: https://www.ezpassnj.com/vector/nj/app/jscript/custom.js, line 21: TypeError: document.getElementById(...) is null
JavaScript error: https://www.ezpassnj.com/vector/nj/app/jscript/custom.js, line 21: TypeError: document.getElementById(...) is null
JavaScript error: https://www.ezpassnj.com/vector/nj/app/jscript/custom.js, line 21: TypeError: document.getElementById(...) is null
JavaScript error: https://www.ezpassnj.com/vector/nj/app/jscript/custom.js, line 21: TypeError: document.getElementById(...) is null
JavaScript error: https://www.ezpassnj.com/vector/nj/app/jscript/custom.js, line 21: TypeError: document.getElementById(...) is null
JavaScript error: https://www.ezpassnj.com/vector/nj/app/jscript/custom.js, line 21: TypeError: document.getElementById(...) is null
JavaScript error: https://www.ezpassnj.com/vector/nj/app/jscript/custom.js, line 21: TypeError: document.getElementById(...) is null
JavaScript error: https://www.ezpassnj.com/vector/nj/app/jscript/custom.js, line 21: TypeError: document.getElementById(...) is null
JavaScript error: https://www.ezpassnj.com/vector/nj/app/jscript/custom.js, line 21: TypeError: document.getElementById(...) is null
JavaScript error: https://www.ezpassnj.com/vector/nj/app/jscript/custom.js, line 21: TypeError: document.getElementById(...) is null
JavaScript error: https://www.ezpassnj.com/vector/nj/app/jscript/custom.js, line 21: TypeError: document.getElementById(...) is null
JavaScript error: https://www.ezpassnj.com/vector/nj/app/jscript/custom.js, line 21: TypeError: document.getElementById(...) is null
JavaScript error: https://www.ezpassnj.com/vector/nj/app/jscript/custom.js, line 21: TypeError: document.getElementById(...) is null
JavaScript error: https://www.ezpassnj.com/vector/nj/app/jscript/custom.js, line 21: TypeError: document.getElementById(...) is null
JavaScript error: https://www.ezpassnj.com/vector/nj/app/jscript/custom.js, line 21: TypeError: document.getElementById(...) is null
JavaScript error: https://www.ezpassnj.com/vector/nj/app/jscript/custom.js, line 21: TypeError: document.getElementById(...) is null
JavaScript error: https://www.ezpassnj.com/vector/nj/app/jscript/custom.js, line 21: TypeError: document.getElementById(...) is null
JavaScript error: https://www.ezpassnj.com/vector/nj/app/jscript/custom.js, line 21: TypeError: document.getElementById(...) is null
JavaScript error: https://www.ezpassnj.com/vector/nj/app/jscript/custom.js, line 21: TypeError: document.getElementById(...) is null
JavaScript error: https://www.ezpassnj.com/vector/nj/app/jscript/custom.js, line 21: TypeError: document.getElementById(...) is null
JavaScript error: https://www.ezpassnj.com/vector/nj/app/jscript/custom.js, line 21: TypeError: document.getElementById(...) is null
JavaScript error: https://www.ezpassnj.com/vector/nj/app/jscript/custom.js, line 21: TypeError: document.getElementById(...) is null
JavaScript error: https://www.ezpassnj.com/vector/nj/app/jscript/custom.js, line 21: TypeError: document.getElementById(...) is null
JavaScript error: https://www.ezpassnj.com/vector/nj/app/jscript/custom.js, line 21: TypeError: document.getElementById(...) is null
JavaScript error: https://www.ezpassnj.com/vector/nj/app/jscript/custom.js, line 21: TypeError: document.getElementById(...) is null
JavaScript error: https://www.ezpassnj.com/vector/nj/app/jscript/custom.js, line 21: TypeError: document.getElementById(...) is null
JavaScript error: https://www.ezpassnj.com/vector/nj/app/jscript/custom.js, line 21: TypeError: document.getElementById(...) is null
JavaScript error: https://www.ezpassnj.com/vector/nj/app/jscript/custom.js, line 21: TypeError: document.getElementById(...) is null
JavaScript error: https://www.ezpassnj.com/vector/nj/app/jscript/custom.js, line 21: TypeError: document.getElementById(...) is null
JavaScript error: https://www.ezpassnj.com/vector/nj/app/jscript/custom.js, line 21: TypeError: document.getElementById(...) is null
JavaScript error: https://www.ezpassnj.com/vector/nj/app/jscript/custom.js, line 21: TypeError: document.getElementById(...) is null
JavaScript error: https://www.ezpassnj.com/vector/nj/app/jscript/custom.js, line 21: TypeError: document.getElementById(...) is null
JavaScript error: https://www.ezpassnj.com/vector/nj/app/jscript/custom.js, line 21: TypeError: document.getElementById(...) is null
JavaScript error: https://www.ezpassnj.com/vector/nj/app/jscript/custom.js, line 21: TypeError: document.getElementById(...) is null
JavaScript error: https://www.ezpassnj.com/vector/nj/app/jscript/custom.js, line 21: TypeError: document.getElementById(...) is null
JavaScript error: https://www.ezpassnj.com/vector/nj/app/jscript/custom.js, line 21: TypeError: document.getElementById(...) is null
JavaScript error: https://www.ezpassnj.com/vector/nj/app/jscript/custom.js, line 21: TypeError: document.getElementById(...) is null
JavaScript error: https://www.ezpassnj.com/vector/nj/app/jscript/custom.js, line 21: TypeError: document.getElementById(...) is null
JavaScript error: https://www.ezpassnj.com/vector/nj/app/jscript/custom.js, line 21: TypeError: document.getElementById(...) is null
JavaScript error: https://www.ezpassnj.com/vector/nj/app/jscript/custom.js, line 21: TypeError: document.getElementById(...) is null
JavaScript error: https://www.ezpassnj.com/vector/nj/app/jscript/custom.js, line 21: TypeError: document.getElementById(...) is null
JavaScript error: https://www.ezpassnj.com/vector/nj/app/jscript/custom.js, line 21: TypeError: document.getElementById(...) is null
JavaScript error: https://www.ezpassnj.com/vector/nj/app/jscript/custom.js, line 21: TypeError: document.getElementById(...) is null
JavaScript error: https://www.ezpassnj.com/vector/nj/app/jscript/custom.js, line 21: TypeError: document.getElementById(...) is null
JavaScript error: https://www.ezpassnj.com/vector/nj/app/jscript/custom.js, line 21: TypeError: document.getElementById(...) is null
JavaScript error: https://www.ezpassnj.com/vector/nj/app/jscript/custom.js, line 21: TypeError: document.getElementById(...) is null
JavaScript error: https://www.ezpassnj.com/vector/nj/app/jscript/custom.js, line 21: TypeError: document.getElementById(...) is null
JavaScript error: https://www.ezpassnj.com/vector/nj/app/jscript/custom.js, line 21: TypeError: document.getElementById(...) is null
JavaScript error: https://www.ezpassnj.com/vector/nj/app/jscript/custom.js, line 21: TypeError: document.getElementById(...) is null
JavaScript error: https://www.ezpassnj.com/vector/nj/app/jscript/custom.js, line 21: TypeError: document.getElementById(...) is null
JavaScript error: https://www.ezpassnj.com/vector/nj/app/jscript/custom.js, line 21: TypeError: document.getElementById(...) is null
JavaScript error: https://www.ezpassnj.com/vector/nj/app/jscript/custom.js, line 21: TypeError: document.getElementById(...) is null
JavaScript error: https://www.ezpassnj.com/vector/nj/app/jscript/custom.js, line 21: TypeError: document.getElementById(...) is null
JavaScript error: https://www.ezpassnj.com/vector/nj/app/jscript/custom.js, line 21: TypeError: document.getElementById(...) is null
JavaScript error: https://www.ezpassnj.com/vector/nj/app/jscript/custom.js, line 21: TypeError: document.getElementById(...) is null
JavaScript error: https://www.ezpassnj.com/vector/nj/app/jscript/custom.js, line 21: TypeError: document.getElementById(...) is null
JavaScript error: https://www.ezpassnj.com/vector/nj/app/jscript/custom.js, line 21: TypeError: document.getElementById(...) is null
JavaScript error: https://www.ezpassnj.com/vector/nj/app/jscript/custom.js, line 21: TypeError: document.getElementById(...) is null
JavaScript error: https://www.ezpassnj.com/vector/nj/app/jscript/custom.js, line 21: TypeError: document.getElementById(...) is null
JavaScript error: https://www.ezpassnj.com/vector/nj/app/jscript/custom.js, line 21: TypeError: document.getElementById(...) is null
JavaScript error: https://www.ezpassnj.com/vector/nj/app/jscript/custom.js, line 21: TypeError: document.getElementById(...) is null
JavaScript error: https://www.ezpassnj.com/vector/nj/app/jscript/custom.js, line 21: TypeError: document.getElementById(...) is null
JavaScript error: https://www.ezpassnj.com/vector/nj/app/jscript/custom.js, line 21: TypeError: document.getElementById(...) is null
JavaScript error: https://www.ezpassnj.com/vector/nj/app/jscript/custom.js, line 21: TypeError: document.getElementById(...) is null
JavaScript error: https://www.ezpassnj.com/vector/nj/app/jscript/custom.js, line 21: TypeError: document.getElementById(...) is null
JavaScript error: https://www.ezpassnj.com/vector/nj/app/jscript/custom.js, line 21: TypeError: document.getElementById(...) is null
JavaScript error: https://www.ezpassnj.com/vector/nj/app/jscript/custom.js, line 21: TypeError: document.getElementById(...) is null
JavaScript error: https://www.ezpassnj.com/vector/nj/app/jscript/custom.js, line 21: TypeError: document.getElementById(...) is null
JavaScript error: https://www.ezpassnj.com/vector/nj/app/jscript/custom.js, line 21: TypeError: document.getElementById(...) is null
JavaScript error: https://www.ezpassnj.com/vector/nj/app/jscript/custom.js, line 21: TypeError: document.getElementById(...) is null
JavaScript error: https://www.ezpassnj.com/vector/nj/app/jscript/custom.js, line 21: TypeError: document.getElementById(...) is null
JavaScript error: https://www.ezpassnj.com/vector/nj/app/jscript/custom.js, line 21: TypeError: document.getElementById(...) is null
JavaScript error: https://www.ezpassnj.com/vector/nj/app/jscript/custom.js, line 21: TypeError: document.getElementById(...) is null
JavaScript error: https://www.ezpassnj.com/vector/nj/app/jscript/custom.js, line 21: TypeError: document.getElementById(...) is null
JavaScript error: https://www.ezpassnj.com/vector/nj/app/jscript/custom.js, line 21: TypeError: document.getElementById(...) is null
JavaScript error: https://www.ezpassnj.com/vector/nj/app/jscript/custom.js, line 21: TypeError: document.getElementById(...) is null
JavaScript error: https://www.ezpassnj.com/vector/nj/app/jscript/custom.js, line 21: TypeError: document.getElementById(...) is null
JavaScript error: https://www.ezpassnj.com/vector/nj/app/jscript/custom.js, line 21: TypeError: document.getElementById(...) is null
JavaScript error: https://www.ezpassnj.com/vector/nj/app/jscript/custom.js, line 21: TypeError: document.getElementById(...) is null
JavaScript error: https://www.ezpassnj.com/vector/nj/app/jscript/custom.js, line 21: TypeError: document.getElementById(...) is null
JavaScript error: https://www.ezpassnj.com/vector/nj/app/jscript/custom.js, line 21: TypeError: document.getElementById(...) is null
JavaScript error: https://www.ezpassnj.com/vector/nj/app/jscript/custom.js, line 21: TypeError: document.getElementById(...) is null
JavaScript error: https://www.ezpassnj.com/vector/nj/app/jscript/custom.js, line 21: TypeError: document.getElementById(...) is null
JavaScript error: https://www.ezpassnj.com/vector/nj/app/jscript/custom.js, line 21: TypeError: document.getElementById(...) is null
JavaScript error: https://www.ezpassnj.com/vector/nj/app/jscript/custom.js, line 21: TypeError: document.getElementById(...) is null
JavaScript error: https://www.ezpassnj.com/vector/nj/app/jscript/custom.js, line 21: TypeError: document.getElementById(...) is null
JavaScript error: https://www.ezpassnj.com/vector/nj/app/jscript/custom.js, line 21: TypeError: document.getElementById(...) is null
JavaScript error: https://www.ezpassnj.com/vector/nj/app/jscript/custom.js, line 21: TypeError: document.getElementById(...) is null
JavaScript error: https://www.ezpassnj.com/vector/nj/app/jscript/custom.js, line 21: TypeError: document.getElementById(...) is null
JavaScript error: https://www.ezpassnj.com/vector/nj/app/jscript/custom.js, line 21: TypeError: document.getElementById(...) is null
JavaScript error: https://www.ezpassnj.com/vector/nj/app/jscript/custom.js, line 21: TypeError: document.getElementById(...) is null
JavaScript error: https://www.ezpassnj.com/vector/nj/app/jscript/custom.js, line 21: TypeError: document.getElementById(...) is null
JavaScript error: https://www.ezpassnj.com/vector/nj/app/jscript/custom.js, line 21: TypeError: document.getElementById(...) is null
JavaScript error: https://www.ezpassnj.com/vector/nj/app/jscript/custom.js, line 21: TypeError: document.getElementById(...) is null
JavaScript error: https://www.ezpassnj.com/vector/nj/app/jscript/custom.js, line 21: TypeError: document.getElementById(...) is null
JavaScript error: https://www.ezpassnj.com/vector/nj/app/jscript/custom.js, line 21: TypeError: document.getElementById(...) is null
JavaScript error: https://www.ezpassnj.com/vector/nj/app/jscript/custom.js, line 21: TypeError: document.getElementById(...) is null
JavaScript error: https://www.ezpassnj.com/vector/nj/app/jscript/custom.js, line 21: TypeError: document.getElementById(...) is null
JavaScript error: https://www.ezpassnj.com/vector/nj/app/jscript/custom.js, line 21: TypeError: document.getElementById(...) is null
JavaScript error: https://www.ezpassnj.com/vector/nj/app/jscript/custom.js, line 21: TypeError: document.getElementById(...) is null
JavaScript error: https://www.ezpassnj.com/vector/nj/app/jscript/custom.js, line 21: TypeError: document.getElementById(...) is null
JavaScript error: https://www.ezpassnj.com/vector/nj/app/jscript/custom.js, line 21: TypeError: document.getElementById(...) is null
JavaScript error: https://www.ezpassnj.com/vector/nj/app/jscript/custom.js, line 21: TypeError: document.getElementById(...) is null
JavaScript error: https://www.ezpassnj.com/vector/nj/app/jscript/custom.js, line 21: TypeError: document.getElementById(...) is null
JavaScript error: https://www.ezpassnj.com/vector/nj/app/jscript/custom.js, line 21: TypeError: document.getElementById(...) is null
JavaScript error: https://www.ezpassnj.com/vector/nj/app/jscript/custom.js, line 21: TypeError: document.getElementById(...) is null
JavaScript error: https://www.ezpassnj.com/vector/nj/app/jscript/custom.js, line 21: TypeError: document.getElementById(...) is null
JavaScript error: https://www.ezpassnj.com/vector/nj/app/jscript/custom.js, line 21: TypeError: document.getElementById(...) is null
JavaScript error: https://www.ezpassnj.com/vector/nj/app/jscript/custom.js, line 21: TypeError: document.getElementById(...) is null
JavaScript error: https://www.ezpassnj.com/vector/nj/app/jscript/custom.js, line 21: TypeError: document.getElementById(...) is null
JavaScript error: https://www.ezpassnj.com/vector/nj/app/jscript/custom.js, line 21: TypeError: document.getElementById(...) is null
JavaScript error: https://www.ezpassnj.com/vector/nj/app/jscript/custom.js, line 21: TypeError: document.getElementById(...) is null
JavaScript error: https://www.ezpassnj.com/vector/nj/app/jscript/custom.js, line 21: TypeError: document.getElementById(...) is null
JavaScript error: https://www.ezpassnj.com/vector/nj/app/jscript/custom.js, line 21: TypeError: document.getElementById(...) is null
JavaScript error: https://www.ezpassnj.com/vector/nj/app/jscript/custom.js, line 21: TypeError: document.getElementById(...) is null
JavaScript error: https://www.ezpassnj.com/vector/nj/app/jscript/custom.js, line 21: TypeError: document.getElementById(...) is null
JavaScript error: https://www.ezpassnj.com/vector/nj/app/jscript/custom.js, line 21: TypeError: document.getElementById(...) is null
JavaScript error: https://www.ezpassnj.com/vector/nj/app/jscript/custom.js, line 21: TypeError: document.getElementById(...) is null
1600682973720	Marionette	INFO	Stopped listening on port 35265
